2016-06-08 16:31:08 - PHP Warning:  mail(): Failed to connect to mailserver at &quot;localhost&quot; port 25, verify your &quot;SMTP&quot; and &quot;smtp_port&quot; setting in php.ini or use ini_set() in C:\wamp\www\opencart\upload\system\library\mail.php on line 162
2016-06-08 16:32:58 - PHP Warning:  mail(): Failed to connect to mailserver at &quot;localhost&quot; port 25, verify your &quot;SMTP&quot; and &quot;smtp_port&quot; setting in php.ini or use ini_set() in C:\wamp\www\opencart\upload\system\library\mail.php on line 162
2016-06-08 16:36:57 - PHP Warning:  mail(): Failed to connect to mailserver at &quot;localhost&quot; port 25, verify your &quot;SMTP&quot; and &quot;smtp_port&quot; setting in php.ini or use ini_set() in C:\wamp\www\opencart\upload\system\library\mail.php on line 162
2016-06-08 16:41:09 - PHP Warning:  mail(): Failed to connect to mailserver at &quot;localhost&quot; port 25, verify your &quot;SMTP&quot; and &quot;smtp_port&quot; setting in php.ini or use ini_set() in C:\wamp\www\opencart\upload\system\library\mail.php on line 162
2016-06-08 17:45:44 - PHP Warning:  fsockopen(): unable to connect to localhost:25 (No connection could be made because the target machine actively refused it.
) in C:\wamp\www\opencart\upload\system\library\mail.php on line 170
2016-06-08 17:45:44 - PHP Notice:  Error: No connection could be made because the target machine actively refused it.
 (10061) in C:\wamp\www\opencart\upload\system\library\mail.php on line 173
2016-06-08 19:25:49 - PHP Warning:  rmdir(C:/wamp/www/opencart/upload/system/storage/upload/temp-xxNxNHKHRe9l9JxrYQcZ9KJo5X0N302F): Directory not empty in C:\wamp\www\opencart\upload\system\storage\modification\admin\controller\extension\installer.php on line 658
2016-06-08 19:27:36 - PHP Notice:  Undefined variable: text_seller_agree in C:\wamp\www\opencart\upload\catalog\view\theme\default\template\sellerprofile\sellerprofile_form.tpl on line 691
2016-06-08 19:29:37 - PHP Notice:  Undefined variable: text_seller_agree in C:\wamp\www\opencart\upload\catalog\view\theme\default\template\sellerprofile\sellerprofile_form.tpl on line 691
2016-06-08 19:32:24 - PHP Notice:  Undefined variable: text_seller_agree in C:\wamp\www\opencart\upload\catalog\view\theme\default\template\sellerprofile\sellerprofile_form.tpl on line 691
2016-06-08 19:34:36 - PHP Warning:  fsockopen(): unable to connect to localhost:25 (No connection could be made because the target machine actively refused it.
) in C:\wamp\www\opencart\upload\system\library\mail.php on line 170
2016-06-08 19:34:36 - PHP Notice:  Error: No connection could be made because the target machine actively refused it.
 (10061) in C:\wamp\www\opencart\upload\system\library\mail.php on line 173
2016-06-08 19:35:39 - PHP Warning:  fsockopen(): unable to connect to localhost:25 (No connection could be made because the target machine actively refused it.
) in C:\wamp\www\opencart\upload\system\library\mail.php on line 170
2016-06-08 19:35:39 - PHP Notice:  Error: No connection could be made because the target machine actively refused it.
 (10061) in C:\wamp\www\opencart\upload\system\library\mail.php on line 173
2016-06-08 19:35:58 - PHP Notice:  Undefined variable: text_seller_agree in C:\wamp\www\opencart\upload\catalog\view\theme\default\template\sellerprofile\sellerprofile_form.tpl on line 691
2016-06-08 19:39:34 - PHP Warning:  fsockopen(): unable to connect to localhost:25 (No connection could be made because the target machine actively refused it.
) in C:\wamp\www\opencart\upload\system\library\mail.php on line 170
2016-06-08 19:39:34 - PHP Notice:  Error: No connection could be made because the target machine actively refused it.
 (10061) in C:\wamp\www\opencart\upload\system\library\mail.php on line 173
2016-06-08 19:44:42 - PHP Warning:  fsockopen(): unable to connect to localhost:25 (No connection could be made because the target machine actively refused it.
) in C:\wamp\www\opencart\upload\system\library\mail.php on line 170
2016-06-08 19:44:42 - PHP Notice:  Error: No connection could be made because the target machine actively refused it.
 (10061) in C:\wamp\www\opencart\upload\system\library\mail.php on line 173
2016-06-09 9:55:15 - PHP Warning:  fsockopen(): unable to connect to localhost:25 (No connection could be made because the target machine actively refused it.
) in C:\wamp\www\opencart\upload\system\library\mail.php on line 169
2016-06-09 9:55:15 - PHP Notice:  Error: No connection could be made because the target machine actively refused it.
 (10061) in C:\wamp\www\opencart\upload\system\library\mail.php on line 172
2016-06-09 10:03:27 - PHP Warning:  fsockopen(): unable to connect to localhost:25 (No connection could be made because the target machine actively refused it.
) in C:\wamp\www\opencart\upload\system\library\mail.php on line 169
2016-06-09 10:03:27 - PHP Notice:  Error: No connection could be made because the target machine actively refused it.
 (10061) in C:\wamp\www\opencart\upload\system\library\mail.php on line 172
2016-06-09 10:03:50 - PHP Warning:  fsockopen(): unable to connect to localhost:25 (No connection could be made because the target machine actively refused it.
) in C:\wamp\www\opencart\upload\system\library\mail.php on line 169
2016-06-09 10:03:50 - PHP Notice:  Error: No connection could be made because the target machine actively refused it.
 (10061) in C:\wamp\www\opencart\upload\system\library\mail.php on line 172
2016-06-09 10:03:56 - PHP Warning:  fsockopen(): unable to connect to localhost:25 (No connection could be made because the target machine actively refused it.
) in C:\wamp\www\opencart\upload\system\library\mail.php on line 169
2016-06-09 10:03:56 - PHP Notice:  Error: No connection could be made because the target machine actively refused it.
 (10061) in C:\wamp\www\opencart\upload\system\library\mail.php on line 172
2016-06-13 12:02:52 - PHP Warning:  fsockopen(): unable to connect to localhost:25 (No connection could be made because the target machine actively refused it.
) in C:\wamp\www\opencart\upload\system\library\mail.php on line 169
2016-06-13 12:02:52 - PHP Notice:  Error: No connection could be made because the target machine actively refused it.
 (10061) in C:\wamp\www\opencart\upload\system\library\mail.php on line 172
